Using pre-set license
Built from '2020.3/staging' branch; Version is '2020.3.14f1 (d0d1bb862f9d) revision 13685179'; Using compiler version '192528614'; Build Type 'Release'
OS: 'Windows 10 Education; OS build 19042.1348; Version 2009; 64bit' Language: 'en' Physical Memory: 16180 MB
BatchMode: 1, IsHumanControllingUs: 0, StartBugReporterOnCrash: 0, Is64bit: 1, IsPro: 0

 COMMAND LINE ARGUMENTS:
C:\Program Files\Unity\Editor\Unity.exe
-adb2
-batchMode
-noUpm
-name
AssetImportWorker0
-projectPath
C:/Users/w0206469/Desktop/UntiySounds
-logFile
Logs/AssetImportWorker0.log
-srvPort
54984
Successfully changed project path to: C:/Users/w0206469/Desktop/UntiySounds
C:/Users/w0206469/Desktop/UntiySounds
Using Asset Import Pipeline V2.
Refreshing native plugins compatible for Editor in 25.89 ms, found 2 plugins.
Preloading 0 native plugins for Editor in 0.00 ms.
Initialize engine version: 2020.3.14f1 (d0d1bb862f9d)
[Subsystems] Discovering subsystems at path C:/Program Files/Unity/Editor/Data/Resources/UnitySubsystems
[Subsystems] Discovering subsystems at path C:/Users/w0206469/Desktop/UntiySounds/Assets
GfxDevice: creating device client; threaded=0
Direct3D:
    Version:  Direct3D 11.0 [level 11.0]
    Renderer: NVIDIA Quadro K2200 (ID=0x13ba)
    Vendor:   
    VRAM:     4053 MB
    Driver:   27.21.14.6192
Initialize mono
Mono path[0] = 'C:/Program Files/Unity/Editor/Data/Managed'
Mono path[1] = 'C:/Program Files/Unity/Editor/Data/MonoBleedingEdge/lib/mono/unityjit'
Mono config path = 'C:/Program Files/Unity/Editor/Data/MonoBleedingEdge/etc'
Using monoOptions --debugger-agent=transport=dt_socket,embedding=1,server=y,suspend=n,address=127.0.0.1:56788
Begin MonoManager ReloadAssembly
Registering precompiled unity dll's ...
Register platform support module: C:/Program Files/Unity/Editor/Data/PlaybackEngines/WindowsStandaloneSupport/UnityEditor.WindowsStandalone.Extensions.dll
Registered in 0.001920 seconds.
Native extension for WindowsStandalone target not found
Refreshing native plugins compatible for Editor in 24.21 ms, found 2 plugins.
Preloading 0 native plugins for Editor in 0.00 ms.
Mono: successfully reloaded assembly
- Completed reload, in  0.999 seconds
Domain Reload Profiling:
	ReloadAssembly (999ms)
		BeginReloadAssembly (52ms)
			ExecutionOrderSort (0ms)
			DisableScriptedObjects (0ms)
			BackupInstance (0ms)
			ReleaseScriptingObjects (0ms)
			CreateAndSetChildDomain (1ms)
		EndReloadAssembly (390ms)
			LoadAssemblies (50ms)
			RebuildTransferFunctionScriptingTraits (0ms)
			SetupTypeCache (145ms)
			ReleaseScriptCaches (0ms)
			RebuildScriptCaches (30ms)
			SetupLoadedEditorAssemblies (149ms)
				LogAssemblyErrors (0ms)
				InitializePlatformSupportModulesInManaged (4ms)
				SetLoadedEditorAssemblies (0ms)
				RefreshPlugins (24ms)
				BeforeProcessingInitializeOnLoad (14ms)
				ProcessInitializeOnLoadAttributes (81ms)
				ProcessInitializeOnLoadMethodAttributes (26ms)
				AfterProcessingInitializeOnLoad (0ms)
				EditorAssembliesLoaded (0ms)
			ExecutionOrderSort2 (0ms)
			AwakeInstancesAfterBackupRestoration (0ms)
Platform modules already initialized, skipping
Registering precompiled user dll's ...
Registered in 0.004028 seconds.
Begin MonoManager ReloadAssembly
Native extension for WindowsStandalone target not found
Refreshing native plugins compatible for Editor in 0.29 ms, found 2 plugins.
Preloading 0 native plugins for Editor in 0.00 ms.
Mono: successfully reloaded assembly
- Completed reload, in  0.973 seconds
Domain Reload Profiling:
	ReloadAssembly (973ms)
		BeginReloadAssembly (141ms)
			ExecutionOrderSort (0ms)
			DisableScriptedObjects (5ms)
			BackupInstance (0ms)
			ReleaseScriptingObjects (0ms)
			CreateAndSetChildDomain (18ms)
		EndReloadAssembly (771ms)
			LoadAssemblies (85ms)
			RebuildTransferFunctionScriptingTraits (0ms)
			SetupTypeCache (265ms)
			ReleaseScriptCaches (0ms)
			RebuildScriptCaches (40ms)
			SetupLoadedEditorAssemblies (292ms)
				LogAssemblyErrors (0ms)
				InitializePlatformSupportModulesInManaged (4ms)
				SetLoadedEditorAssemblies (0ms)
				RefreshPlugins (0ms)
				BeforeProcessingInitializeOnLoad (83ms)
				ProcessInitializeOnLoadAttributes (193ms)
				ProcessInitializeOnLoadMethodAttributes (4ms)
				AfterProcessingInitializeOnLoad (6ms)
				EditorAssembliesLoaded (0ms)
			ExecutionOrderSort2 (0ms)
			AwakeInstancesAfterBackupRestoration (6ms)
Platform modules already initialized, skipping
========================================================================
Worker process is ready to serve import requests
Launched and connected shader compiler UnityShaderCompiler.exe after 0.04 seconds
Refreshing native plugins compatible for Editor in 0.28 ms, found 2 plugins.
Preloading 0 native plugins for Editor in 0.00 ms.
Unloading 1392 Unused Serialized files (Serialized files now loaded: 0)
System memory in use before: 64.8 MB.
System memory in use after: 64.9 MB.

Unloading 19 unused Assets to reduce memory usage. Loaded Objects now: 1825.
Total: 2.072000 ms (FindLiveObjects: 0.181200 ms CreateObjectMapping: 0.049900 ms MarkObjects: 1.769100 ms  DeleteObjects: 0.070800 ms)

AssetImportParameters requested are different than current active one (requested -> active):
  custom:framework-win-MediaFoundation: 216162199b28c13a410421893ffa2e32 -> 
  custom:video-decoder-ogg-theora: a1e56fd34408186e4bbccfd4996cb3dc -> 
  custom:container-muxer-webm: aa71ff27fc2769a1b78a27578f13a17b -> 
  custom:container-demuxer-webm: 4f35f7cbe854078d1ac9338744f61a02 -> 
  custom:container-demuxer-ogg: 62fdf1f143b41e24485cea50d1cbac27 -> 
  custom:video-encoder-webm-vp8: eb34c28f22e8b96e1ab97ce403110664 -> 
  custom:video-decoder-webm-vp8: 9c59270c3fd7afecdb556c50c9e8de78 -> 
  custom:audio-decoder-ogg-vorbis: bf7c407c2cedff20999df2af8eb42d56 -> 
  custom:audio-encoder-webm-vorbis: bf7c407c2cedff20999df2af8eb42d56 -> 
========================================================================
Received Import Request.
  path: Assets/Free Pack/Fantasy victory (free).mp3
  artifactKey: Guid(e94f1bd80b7692249863e6d088bd606a) Importer(815301076,1909f56bfc062723c751e8b465ee728b)
Start importing Assets/Free Pack/Fantasy victory (free).mp3 using Guid(e94f1bd80b7692249863e6d088bd606a) Importer(815301076,1909f56bfc062723c751e8b465ee728b)  -> (artifact id: '01e54cf615793dbdf8078c16c731d37e') in 0.103170 seconds 
  Import took 0.105268 seconds .

========================================================================
Received Import Request.
  Time since last request: 0.000261 seconds.
  path: Assets/Free Pack/Human Agony Screams
  artifactKey: Guid(3183d4189d6c1614e85c0d7f92e29499) Importer(815301076,1909f56bfc062723c751e8b465ee728b)
Start importing Assets/Free Pack/Human Agony Screams using Guid(3183d4189d6c1614e85c0d7f92e29499) Importer(815301076,1909f56bfc062723c751e8b465ee728b)  -> (artifact id: '7099fce060bf45d476960e85b7cf16ac') in 0.009573 seconds 
  Import took 0.012019 seconds .

========================================================================
Received Import Request.
  Time since last request: 0.000163 seconds.
  path: Assets/Free Pack/Short epic trailer (free).wav
  artifactKey: Guid(dadc1fad7aa60a4469913ba72627d39a) Importer(815301076,1909f56bfc062723c751e8b465ee728b)
Start importing Assets/Free Pack/Short epic trailer (free).wav using Guid(dadc1fad7aa60a4469913ba72627d39a) Importer(815301076,1909f56bfc062723c751e8b465ee728b)  -> (artifact id: '62cb295a2d3f853ea9a0b03737214612') in 0.018432 seconds 
  Import took 0.021871 seconds .

========================================================================
Received Import Request.
  Time since last request: 1.525327 seconds.
  path: Assets/Free Pack/Metal Loop Pack
  artifactKey: Guid(e96cce95ae1a5fc448211c16faf8b79e) Importer(815301076,1909f56bfc062723c751e8b465ee728b)
Start importing Assets/Free Pack/Metal Loop Pack using Guid(e96cce95ae1a5fc448211c16faf8b79e) Importer(815301076,1909f56bfc062723c751e8b465ee728b)  -> (artifact id: 'f3fa4b8a311bb7cf3e88c8b2cb059a76') in 0.006294 seconds 
  Import took 0.008643 seconds .

========================================================================
Received Import Request.
  Time since last request: 0.947913 seconds.
  path: Assets/Free Pack/Monster screams
  artifactKey: Guid(05a735604a155bf4aa69f9e37c912540) Importer(815301076,1909f56bfc062723c751e8b465ee728b)
Start importing Assets/Free Pack/Monster screams using Guid(05a735604a155bf4aa69f9e37c912540) Importer(815301076,1909f56bfc062723c751e8b465ee728b)  -> (artifact id: 'c5d9fa0787fd406100f8477b3fc5378b') in 0.006542 seconds 
  Import took 0.008806 seconds .

========================================================================
Received Import Request.
  Time since last request: 0.991936 seconds.
  path: Assets/Free Pack/Rock Loops Pack
  artifactKey: Guid(24f0b237e63896e4d998b9a2e5647db6) Importer(815301076,1909f56bfc062723c751e8b465ee728b)
Start importing Assets/Free Pack/Rock Loops Pack using Guid(24f0b237e63896e4d998b9a2e5647db6) Importer(815301076,1909f56bfc062723c751e8b465ee728b)  -> (artifact id: '12b7fcffb80058623a070a8d632f59fd') in 0.006935 seconds 
  Import took 0.009323 seconds .

========================================================================
Received Import Request.
  Time since last request: 0.680072 seconds.
  path: Assets/Free Pack/Rock Stingers Pack
  artifactKey: Guid(b591202a635780f47914b1d65616a1f1) Importer(815301076,1909f56bfc062723c751e8b465ee728b)
Start importing Assets/Free Pack/Rock Stingers Pack using Guid(b591202a635780f47914b1d65616a1f1) Importer(815301076,1909f56bfc062723c751e8b465ee728b)  -> (artifact id: '481da067e7c5441e11ea0137ced250b7') in 0.006559 seconds 
  Import took 0.010476 seconds .

========================================================================
Received Import Request.
  Time since last request: 0.958328 seconds.
  path: Assets/Free Pack/Tropical Moments
  artifactKey: Guid(0ba995ddc5d821049b2d8b211a7ec886) Importer(815301076,1909f56bfc062723c751e8b465ee728b)
Start importing Assets/Free Pack/Tropical Moments using Guid(0ba995ddc5d821049b2d8b211a7ec886) Importer(815301076,1909f56bfc062723c751e8b465ee728b)  -> (artifact id: 'cd536014aab574f705d90d768f9040ac') in 0.006759 seconds 
  Import took 0.009047 seconds .

========================================================================
Received Import Request.
  Time since last request: 1.015950 seconds.
  path: Assets/Free Pack/Short metal clips pack
  artifactKey: Guid(e6518fef2c4c78242a8849880e68cf63) Importer(815301076,1909f56bfc062723c751e8b465ee728b)
Start importing Assets/Free Pack/Short metal clips pack using Guid(e6518fef2c4c78242a8849880e68cf63) Importer(815301076,1909f56bfc062723c751e8b465ee728b)  -> (artifact id: '3731b5f4d175cafcd474ce1acf3e5477') in 0.007694 seconds 
  Import took 0.009931 seconds .

========================================================================
Received Import Request.
  Time since last request: 1.414037 seconds.
  path: Assets/Free Pack/Win and lose Library vol. 1 - Vocals
  artifactKey: Guid(81666addf93573947b127fb177eb9f7c) Importer(815301076,1909f56bfc062723c751e8b465ee728b)
Start importing Assets/Free Pack/Win and lose Library vol. 1 - Vocals using Guid(81666addf93573947b127fb177eb9f7c) Importer(815301076,1909f56bfc062723c751e8b465ee728b)  -> (artifact id: '2703be0d11696e85d90307ed9c821bd3') in 0.011151 seconds 
  Import took 0.015782 seconds .

========================================================================
Received Import Request.
  Time since last request: 1.069903 seconds.
  path: Assets/Free Pack/Win and lose Library vol. 2 - Retro Synth
  artifactKey: Guid(bf2edc7ccfbd4c643a9ec139e0fc28f9) Importer(815301076,1909f56bfc062723c751e8b465ee728b)
Start importing Assets/Free Pack/Win and lose Library vol. 2 - Retro Synth using Guid(bf2edc7ccfbd4c643a9ec139e0fc28f9) Importer(815301076,1909f56bfc062723c751e8b465ee728b)  -> (artifact id: '5bb6511087020f4a200a0d5023c24067') in 0.007475 seconds 
  Import took 0.009746 seconds .

========================================================================
Received Import Request.
  Time since last request: 14.225403 seconds.
  path: Assets/Free Pack/Rock Stingers Pack/Rock logo stinger 25.wav
  artifactKey: Guid(04354cdc4ac9811469fb957de228e0f9) Importer(815301076,1909f56bfc062723c751e8b465ee728b)
Start importing Assets/Free Pack/Rock Stingers Pack/Rock logo stinger 25.wav using Guid(04354cdc4ac9811469fb957de228e0f9) Importer(815301076,1909f56bfc062723c751e8b465ee728b)  -> (artifact id: 'f9862d4427a167556e8b05c8b3599d70') in 0.014212 seconds 
  Import took 0.017057 seconds .

========================================================================
Received Import Request.
  Time since last request: 8.623224 seconds.
  path: Assets/Free Pack/Rock Loops Pack/Energetic rock loop 12.wav
  artifactKey: Guid(80dcc15525bad0a4b8c6419cac4b1150) Importer(815301076,1909f56bfc062723c751e8b465ee728b)
Start importing Assets/Free Pack/Rock Loops Pack/Energetic rock loop 12.wav using Guid(80dcc15525bad0a4b8c6419cac4b1150) Importer(815301076,1909f56bfc062723c751e8b465ee728b)  -> (artifact id: '2a0d0144cde23d73896563d3ed3e1901') in 0.015967 seconds 
  Import took 0.018169 seconds .

========================================================================
Received Import Request.
  Time since last request: 18.006384 seconds.
  path: Assets/Free Pack/Monster screams/Monster screams - 56.mp3
  artifactKey: Guid(51c471696c4d8eb4fb32d4cdd9cc61c8) Importer(815301076,1909f56bfc062723c751e8b465ee728b)
Start importing Assets/Free Pack/Monster screams/Monster screams - 56.mp3 using Guid(51c471696c4d8eb4fb32d4cdd9cc61c8) Importer(815301076,1909f56bfc062723c751e8b465ee728b)  -> (artifact id: 'a344ab7638b99a3e15c34b684d407d59') in 0.011751 seconds 
  Import took 0.014006 seconds .

========================================================================
Received Import Request.
  Time since last request: 0.000247 seconds.
  path: Assets/Free Pack/Monster screams/Monster screams - 57.mp3
  artifactKey: Guid(423017d00c638b84eb736467289f6363) Importer(815301076,1909f56bfc062723c751e8b465ee728b)
Start importing Assets/Free Pack/Monster screams/Monster screams - 57.mp3 using Guid(423017d00c638b84eb736467289f6363) Importer(815301076,1909f56bfc062723c751e8b465ee728b)  -> (artifact id: '11ecb7b74221f63853d4ae775c9fd857') in 0.012509 seconds 
  Import took 0.016642 seconds .

========================================================================
Received Import Request.
  Time since last request: 9.484098 seconds.
  path: Assets/Free Pack/Metal Loop Pack/Loop 16 - 145 bpm - complete.mp3
  artifactKey: Guid(6db8d2f4dd6d2344faeef53823107f46) Importer(815301076,1909f56bfc062723c751e8b465ee728b)
Start importing Assets/Free Pack/Metal Loop Pack/Loop 16 - 145 bpm - complete.mp3 using Guid(6db8d2f4dd6d2344faeef53823107f46) Importer(815301076,1909f56bfc062723c751e8b465ee728b)  -> (artifact id: '186bb92a42dad60de94aae58d2d0be1b') in 0.012382 seconds 
  Import took 0.014694 seconds .

========================================================================
Received Import Request.
  Time since last request: 0.000261 seconds.
  path: Assets/Free Pack/Metal Loop Pack/Loop 16 - 145 bpm - loop.wav
  artifactKey: Guid(980990f687335bd4990ee4a8c8d3235d) Importer(815301076,1909f56bfc062723c751e8b465ee728b)
Start importing Assets/Free Pack/Metal Loop Pack/Loop 16 - 145 bpm - loop.wav using Guid(980990f687335bd4990ee4a8c8d3235d) Importer(815301076,1909f56bfc062723c751e8b465ee728b)  -> (artifact id: '5bbc42ef357fe7fafd1b6cebdf125584') in 0.012013 seconds 
  Import took 0.014198 seconds .

========================================================================
Received Import Request.
  Time since last request: 0.000279 seconds.
  path: Assets/Free Pack/Metal Loop Pack/Loop 16 - 145 bpm - intro.wav
  artifactKey: Guid(96b871f058c51bd4e8c9b437347c3efb) Importer(815301076,1909f56bfc062723c751e8b465ee728b)
Start importing Assets/Free Pack/Metal Loop Pack/Loop 16 - 145 bpm - intro.wav using Guid(96b871f058c51bd4e8c9b437347c3efb) Importer(815301076,1909f56bfc062723c751e8b465ee728b)  -> (artifact id: 'b180acaecc7dcecb8a2cc03bbf6c39e8') in 0.012440 seconds 
  Import took 0.014993 seconds .

========================================================================
Received Import Request.
  Time since last request: 0.000272 seconds.
  path: Assets/Free Pack/Metal Loop Pack/Loop 16 - 145 bpm - end.wav
  artifactKey: Guid(6e90b02c1c3700e408fccf3806a58701) Importer(815301076,1909f56bfc062723c751e8b465ee728b)
Start importing Assets/Free Pack/Metal Loop Pack/Loop 16 - 145 bpm - end.wav using Guid(6e90b02c1c3700e408fccf3806a58701) Importer(815301076,1909f56bfc062723c751e8b465ee728b)  -> (artifact id: '85a8ab909f42bc4f75d0068bf0173153') in 0.014607 seconds 
  Import took 0.017474 seconds .

========================================================================
Received Import Request.
  Time since last request: 37.542153 seconds.
  path: Assets/Free Pack/Short metal clips pack/Short metal clip - 44.wav
  artifactKey: Guid(db13ea24edf45ac4e87a2e3fe93640cd) Importer(815301076,1909f56bfc062723c751e8b465ee728b)
Start importing Assets/Free Pack/Short metal clips pack/Short metal clip - 44.wav using Guid(db13ea24edf45ac4e87a2e3fe93640cd) Importer(815301076,1909f56bfc062723c751e8b465ee728b)  -> (artifact id: '97ee01c61b42f4d86ee6c55f368ce9eb') in 0.011534 seconds 
  Import took 0.013720 seconds .

========================================================================
Received Import Request.
  Time since last request: 0.000258 seconds.
  path: Assets/Free Pack/Short metal clips pack/Short metal clip - 45.wav
  artifactKey: Guid(8c215d1ab1c95f04eafc33a08e1229f7) Importer(815301076,1909f56bfc062723c751e8b465ee728b)
Start importing Assets/Free Pack/Short metal clips pack/Short metal clip - 45.wav using Guid(8c215d1ab1c95f04eafc33a08e1229f7) Importer(815301076,1909f56bfc062723c751e8b465ee728b)  -> (artifact id: '28091e92be513b2673f999c1bf4c215c') in 0.012280 seconds 
  Import took 0.014383 seconds .

========================================================================
Received Prepare
Registering precompiled user dll's ...
Registered in 0.004377 seconds.
Begin MonoManager ReloadAssembly
Native extension for WindowsStandalone target not found
Refreshing native plugins compatible for Editor in 0.29 ms, found 2 plugins.
Preloading 0 native plugins for Editor in 0.00 ms.
Mono: successfully reloaded assembly
- Completed reload, in  1.107 seconds
Domain Reload Profiling:
	ReloadAssembly (1107ms)
		BeginReloadAssembly (104ms)
			ExecutionOrderSort (0ms)
			DisableScriptedObjects (4ms)
			BackupInstance (0ms)
			ReleaseScriptingObjects (0ms)
			CreateAndSetChildDomain (32ms)
		EndReloadAssembly (942ms)
			LoadAssemblies (86ms)
			RebuildTransferFunctionScriptingTraits (0ms)
			SetupTypeCache (284ms)
			ReleaseScriptCaches (1ms)
			RebuildScriptCaches (38ms)
			SetupLoadedEditorAssemblies (439ms)
				LogAssemblyErrors (0ms)
				InitializePlatformSupportModulesInManaged (5ms)
				SetLoadedEditorAssemblies (0ms)
				RefreshPlugins (0ms)
				BeforeProcessingInitializeOnLoad (87ms)
				ProcessInitializeOnLoadAttributes (335ms)
				ProcessInitializeOnLoadMethodAttributes (4ms)
				AfterProcessingInitializeOnLoad (7ms)
				EditorAssembliesLoaded (0ms)
			ExecutionOrderSort2 (0ms)
			AwakeInstancesAfterBackupRestoration (6ms)
Platform modules already initialized, skipping
Refreshing native plugins compatible for Editor in 0.70 ms, found 2 plugins.
Preloading 0 native plugins for Editor in 0.00 ms.
Unloading 1387 Unused Serialized files (Serialized files now loaded: 0)
System memory in use before: 67.9 MB.
System memory in use after: 68.0 MB.

Unloading 14 unused Assets to reduce memory usage. Loaded Objects now: 1837.
Total: 1.760300 ms (FindLiveObjects: 0.139000 ms CreateObjectMapping: 0.044200 ms MarkObjects: 1.518100 ms  DeleteObjects: 0.057900 ms)

AssetImportParameters requested are different than current active one (requested -> active):
  custom:framework-win-MediaFoundation: 216162199b28c13a410421893ffa2e32 -> 
  custom:video-decoder-ogg-theora: a1e56fd34408186e4bbccfd4996cb3dc -> 
  custom:container-muxer-webm: aa71ff27fc2769a1b78a27578f13a17b -> 
  custom:container-demuxer-webm: 4f35f7cbe854078d1ac9338744f61a02 -> 
  custom:container-demuxer-ogg: 62fdf1f143b41e24485cea50d1cbac27 -> 
  custom:video-encoder-webm-vp8: eb34c28f22e8b96e1ab97ce403110664 -> 
  custom:video-decoder-webm-vp8: 9c59270c3fd7afecdb556c50c9e8de78 -> 
  custom:audio-decoder-ogg-vorbis: bf7c407c2cedff20999df2af8eb42d56 -> 
  custom:audio-encoder-webm-vorbis: bf7c407c2cedff20999df2af8eb42d56 -> 
========================================================================
Received Import Request.
  Time since last request: 607.277326 seconds.
  path: Assets/source
  artifactKey: Guid(39c07a4dbd052a54d95bb2edcc8ce70a) Importer(815301076,1909f56bfc062723c751e8b465ee728b)
Start importing Assets/source using Guid(39c07a4dbd052a54d95bb2edcc8ce70a) Importer(815301076,1909f56bfc062723c751e8b465ee728b)  -> (artifact id: 'eaebbfb49b2687f7057eb413a1336add') in 0.009637 seconds 
  Import took 0.014855 seconds .

========================================================================
Received Import Request.
  Time since last request: 0.022556 seconds.
  path: Assets/source/18Wheeler.fbx
  artifactKey: Guid(f9375dbb242bf434796a197e39e7c490) Importer(815301076,1909f56bfc062723c751e8b465ee728b)
Start importing Assets/source/18Wheeler.fbx using Guid(f9375dbb242bf434796a197e39e7c490) Importer(815301076,1909f56bfc062723c751e8b465ee728b)  -> (artifact id: '0bb56ad5c1b3ca9df4fab3a99fab04f4') in 0.292959 seconds 
  Import took 0.296392 seconds .

========================================================================
Received Import Request.
  Time since last request: 396.944471 seconds.
  path: Assets/TRUCK START AND THROTTLE SOUND EFFECT.mp3
  artifactKey: Guid(d85768fce4b7fa640bd04f501692eeb4) Importer(815301076,1909f56bfc062723c751e8b465ee728b)
Start importing Assets/TRUCK START AND THROTTLE SOUND EFFECT.mp3 using Guid(d85768fce4b7fa640bd04f501692eeb4) Importer(815301076,1909f56bfc062723c751e8b465ee728b)  -> (artifact id: 'eb1bcaa384961531ad753d57b6abfe20') in 0.019131 seconds 
  Import took 0.021811 seconds .

========================================================================
Received Import Request.
  Time since last request: 0.001231 seconds.
  path: Assets/TRUCK START AND THROTTLE SOUND EFFECT.mp3
  artifactKey: Guid(d85768fce4b7fa640bd04f501692eeb4) Importer(815301076,1909f56bfc062723c751e8b465ee728b)
Start importing Assets/TRUCK START AND THROTTLE SOUND EFFECT.mp3 using Guid(d85768fce4b7fa640bd04f501692eeb4) Importer(815301076,1909f56bfc062723c751e8b465ee728b)  -> (artifact id: 'eb1bcaa384961531ad753d57b6abfe20') in 0.010859 seconds 
  Import took 0.013433 seconds .

========================================================================
Received Import Request.
  Time since last request: 147.928357 seconds.
  path: Assets/Trigger.mat
  artifactKey: Guid(b3b7f6a58110d55498af5f18bed7136a) Importer(815301076,1909f56bfc062723c751e8b465ee728b)
Start importing Assets/Trigger.mat using Guid(b3b7f6a58110d55498af5f18bed7136a) Importer(815301076,1909f56bfc062723c751e8b465ee728b)  -> (artifact id: 'ebfb57929d3d30c6aeb32282bc7886b9') in 0.016847 seconds 
  Import took 0.021082 seconds .

========================================================================
Received Prepare
Registering precompiled user dll's ...
Registered in 0.004997 seconds.
Begin MonoManager ReloadAssembly
Native extension for WindowsStandalone target not found
Refreshing native plugins compatible for Editor in 0.35 ms, found 2 plugins.
Preloading 0 native plugins for Editor in 0.00 ms.
Mono: successfully reloaded assembly
- Completed reload, in  1.672 seconds
Domain Reload Profiling:
	ReloadAssembly (1672ms)
		BeginReloadAssembly (142ms)
			ExecutionOrderSort (0ms)
			DisableScriptedObjects (7ms)
			BackupInstance (0ms)
			ReleaseScriptingObjects (0ms)
			CreateAndSetChildDomain (38ms)
		EndReloadAssembly (1432ms)
			LoadAssemblies (126ms)
			RebuildTransferFunctionScriptingTraits (0ms)
			SetupTypeCache (757ms)
			ReleaseScriptCaches (1ms)
			RebuildScriptCaches (39ms)
			SetupLoadedEditorAssemblies (413ms)
				LogAssemblyErrors (0ms)
				InitializePlatformSupportModulesInManaged (5ms)
				SetLoadedEditorAssemblies (0ms)
				RefreshPlugins (0ms)
				BeforeProcessingInitializeOnLoad (105ms)
				ProcessInitializeOnLoadAttributes (289ms)
				ProcessInitializeOnLoadMethodAttributes (5ms)
				AfterProcessingInitializeOnLoad (8ms)
				EditorAssembliesLoaded (0ms)
			ExecutionOrderSort2 (0ms)
			AwakeInstancesAfterBackupRestoration (9ms)
Platform modules already initialized, skipping
Refreshing native plugins compatible for Editor in 0.34 ms, found 2 plugins.
Preloading 0 native plugins for Editor in 0.00 ms.
Unloading 1387 Unused Serialized files (Serialized files now loaded: 0)
System memory in use before: 68.4 MB.
System memory in use after: 68.5 MB.

Unloading 14 unused Assets to reduce memory usage. Loaded Objects now: 1877.
Total: 2.502700 ms (FindLiveObjects: 0.197000 ms CreateObjectMapping: 0.068100 ms MarkObjects: 2.185200 ms  DeleteObjects: 0.051000 ms)

AssetImportParameters requested are different than current active one (requested -> active):
  custom:framework-win-MediaFoundation: 216162199b28c13a410421893ffa2e32 -> 
  custom:video-decoder-ogg-theora: a1e56fd34408186e4bbccfd4996cb3dc -> 
  custom:container-muxer-webm: aa71ff27fc2769a1b78a27578f13a17b -> 
  custom:container-demuxer-webm: 4f35f7cbe854078d1ac9338744f61a02 -> 
  custom:container-demuxer-ogg: 62fdf1f143b41e24485cea50d1cbac27 -> 
  custom:video-encoder-webm-vp8: eb34c28f22e8b96e1ab97ce403110664 -> 
  custom:video-decoder-webm-vp8: 9c59270c3fd7afecdb556c50c9e8de78 -> 
  custom:audio-decoder-ogg-vorbis: bf7c407c2cedff20999df2af8eb42d56 -> 
  custom:audio-encoder-webm-vorbis: bf7c407c2cedff20999df2af8eb42d56 -> 
========================================================================
Received Prepare
Registering precompiled user dll's ...
Registered in 0.004049 seconds.
Begin MonoManager ReloadAssembly
Native extension for WindowsStandalone target not found
Refreshing native plugins compatible for Editor in 0.39 ms, found 2 plugins.
Preloading 0 native plugins for Editor in 0.00 ms.
Mono: successfully reloaded assembly
- Completed reload, in  1.292 seconds
Domain Reload Profiling:
	ReloadAssembly (1292ms)
		BeginReloadAssembly (115ms)
			ExecutionOrderSort (0ms)
			DisableScriptedObjects (5ms)
			BackupInstance (0ms)
			ReleaseScriptingObjects (0ms)
			CreateAndSetChildDomain (35ms)
		EndReloadAssembly (1107ms)
			LoadAssemblies (107ms)
			RebuildTransferFunctionScriptingTraits (0ms)
			SetupTypeCache (316ms)
			ReleaseScriptCaches (1ms)
			RebuildScriptCaches (44ms)
			SetupLoadedEditorAssemblies (338ms)
				LogAssemblyErrors (0ms)
				InitializePlatformSupportModulesInManaged (5ms)
				SetLoadedEditorAssemblies (1ms)
				RefreshPlugins (0ms)
				BeforeProcessingInitializeOnLoad (99ms)
				ProcessInitializeOnLoadAttributes (216ms)
				ProcessInitializeOnLoadMethodAttributes (9ms)
				AfterProcessingInitializeOnLoad (7ms)
				EditorAssembliesLoaded (1ms)
			ExecutionOrderSort2 (0ms)
			AwakeInstancesAfterBackupRestoration (8ms)
Platform modules already initialized, skipping
Refreshing native plugins compatible for Editor in 0.32 ms, found 2 plugins.
Preloading 0 native plugins for Editor in 0.00 ms.
Unloading 1387 Unused Serialized files (Serialized files now loaded: 0)
System memory in use before: 68.4 MB.
System memory in use after: 68.5 MB.

Unloading 14 unused Assets to reduce memory usage. Loaded Objects now: 1880.
Total: 2.016000 ms (FindLiveObjects: 0.145200 ms CreateObjectMapping: 0.042000 ms MarkObjects: 1.775400 ms  DeleteObjects: 0.051900 ms)

AssetImportParameters requested are different than current active one (requested -> active):
  custom:framework-win-MediaFoundation: 216162199b28c13a410421893ffa2e32 -> 
  custom:video-decoder-ogg-theora: a1e56fd34408186e4bbccfd4996cb3dc -> 
  custom:container-muxer-webm: aa71ff27fc2769a1b78a27578f13a17b -> 
  custom:container-demuxer-webm: 4f35f7cbe854078d1ac9338744f61a02 -> 
  custom:container-demuxer-ogg: 62fdf1f143b41e24485cea50d1cbac27 -> 
  custom:video-encoder-webm-vp8: eb34c28f22e8b96e1ab97ce403110664 -> 
  custom:video-decoder-webm-vp8: 9c59270c3fd7afecdb556c50c9e8de78 -> 
  custom:audio-decoder-ogg-vorbis: bf7c407c2cedff20999df2af8eb42d56 -> 
  custom:audio-encoder-webm-vorbis: bf7c407c2cedff20999df2af8eb42d56 -> 
========================================================================
Received Import Request.
  Time since last request: 530.297251 seconds.
  path: Assets/Free Pack
  artifactKey: Guid(9082d84f74e1c5f4e866cf9438478b1b) Importer(815301076,1909f56bfc062723c751e8b465ee728b)
Start importing Assets/Free Pack using Guid(9082d84f74e1c5f4e866cf9438478b1b) Importer(815301076,1909f56bfc062723c751e8b465ee728b)  -> (artifact id: 'f5ad03a85f6614e19b720788645a41fa') in 0.009532 seconds 
  Import took 0.012347 seconds .

========================================================================
Received Import Request.
  Time since last request: 2.814794 seconds.
  path: Assets/Free Pack/Tropical Moments/Tropical moments - loop version.wav
  artifactKey: Guid(a31c4859045ab44479faa94e36c5f37c) Importer(815301076,1909f56bfc062723c751e8b465ee728b)
Start importing Assets/Free Pack/Tropical Moments/Tropical moments - loop version.wav using Guid(a31c4859045ab44479faa94e36c5f37c) Importer(815301076,1909f56bfc062723c751e8b465ee728b)  -> (artifact id: 'ba15e4d1890792b46a9179b8c4596e5a') in 0.041132 seconds 
  Import took 0.044105 seconds .

========================================================================
Received Import Request.
  Time since last request: 0.000230 seconds.
  path: Assets/Free Pack/Tropical Moments/Tropical Moments.wav
  artifactKey: Guid(e6a2ec006e41e64488dd1fb027a5a640) Importer(815301076,1909f56bfc062723c751e8b465ee728b)
Start importing Assets/Free Pack/Tropical Moments/Tropical Moments.wav using Guid(e6a2ec006e41e64488dd1fb027a5a640) Importer(815301076,1909f56bfc062723c751e8b465ee728b)  -> (artifact id: 'df60b29f07f94f76942bb52d564ffdd3') in 0.010406 seconds 
  Import took 0.012917 seconds .

========================================================================
Received Import Request.
  Time since last request: 8.378344 seconds.
  path: Assets/Free Pack/Door SFX Pack/Door close 21.wav
  artifactKey: Guid(6e134bd7c8288604a9558744e15fcf4b) Importer(815301076,1909f56bfc062723c751e8b465ee728b)
Start importing Assets/Free Pack/Door SFX Pack/Door close 21.wav using Guid(6e134bd7c8288604a9558744e15fcf4b) Importer(815301076,1909f56bfc062723c751e8b465ee728b)  -> (artifact id: 'c425c9eb7b847e8c5202897294f496b7') in 0.013037 seconds 
  Import took 0.017596 seconds .

========================================================================
Received Import Request.
  Time since last request: 0.000302 seconds.
  path: Assets/Free Pack/Door SFX Pack/Door squeak creak 20.wav
  artifactKey: Guid(f34531da74c777f46ba38f965e4916df) Importer(815301076,1909f56bfc062723c751e8b465ee728b)
Start importing Assets/Free Pack/Door SFX Pack/Door squeak creak 20.wav using Guid(f34531da74c777f46ba38f965e4916df) Importer(815301076,1909f56bfc062723c751e8b465ee728b)  -> (artifact id: '94abd4ce1bd5b1b7612a36bab361a408') in 0.012056 seconds 
  Import took 0.014492 seconds .

========================================================================
Received Import Request.
  Time since last request: 0.000256 seconds.
  path: Assets/Free Pack/Door SFX Pack/Door Lock 22.wav
  artifactKey: Guid(8313741d5c98ad045a4b36782062c1f4) Importer(815301076,1909f56bfc062723c751e8b465ee728b)
Start importing Assets/Free Pack/Door SFX Pack/Door Lock 22.wav using Guid(8313741d5c98ad045a4b36782062c1f4) Importer(815301076,1909f56bfc062723c751e8b465ee728b)  -> (artifact id: '877c0bccee02c3f8b8275335406c2223') in 0.014031 seconds 
  Import took 0.016637 seconds .

========================================================================
Received Import Request.
  Time since last request: 16.495147 seconds.
  path: Assets/Free Pack/Win and lose Library vol. 1 - Vocals/LOSE - Game over.wav
  artifactKey: Guid(59ceeff8ab94d1f47b55c102760a6cc4) Importer(815301076,1909f56bfc062723c751e8b465ee728b)
Start importing Assets/Free Pack/Win and lose Library vol. 1 - Vocals/LOSE - Game over.wav using Guid(59ceeff8ab94d1f47b55c102760a6cc4) Importer(815301076,1909f56bfc062723c751e8b465ee728b)  -> (artifact id: 'fd4945e1f9504d7037f26dfe7909f5c3') in 0.011786 seconds 
  Import took 0.014458 seconds .

========================================================================
Received Import Request.
  Time since last request: 0.000252 seconds.
  path: Assets/Free Pack/Win and lose Library vol. 1 - Vocals/WIN - Congratulations.wav
  artifactKey: Guid(fe80c8bb32dd11d43a1c3a890d7268ba) Importer(815301076,1909f56bfc062723c751e8b465ee728b)
Start importing Assets/Free Pack/Win and lose Library vol. 1 - Vocals/WIN - Congratulations.wav using Guid(fe80c8bb32dd11d43a1c3a890d7268ba) Importer(815301076,1909f56bfc062723c751e8b465ee728b)  -> (artifact id: 'c58277354d18a154c01817790b01cf65') in 0.012467 seconds 
  Import took 0.014489 seconds .

========================================================================
Received Import Request.
  Time since last request: 0.000262 seconds.
  path: Assets/Free Pack/Win and lose Library vol. 1 - Vocals/LOSE - Ouch.wav
  artifactKey: Guid(1b6269b3ea023754eba2452f564971b2) Importer(815301076,1909f56bfc062723c751e8b465ee728b)
Start importing Assets/Free Pack/Win and lose Library vol. 1 - Vocals/LOSE - Ouch.wav using Guid(1b6269b3ea023754eba2452f564971b2) Importer(815301076,1909f56bfc062723c751e8b465ee728b)  -> (artifact id: '782c775e83886bf7cb565266e0b7ab3f') in 0.014050 seconds 
  Import took 0.016282 seconds .

========================================================================
Received Import Request.
  Time since last request: 0.000218 seconds.
  path: Assets/Free Pack/Win and lose Library vol. 1 - Vocals/WIN - Victory.wav
  artifactKey: Guid(4737b4b478ad70a44951eecfd3639ad0) Importer(815301076,1909f56bfc062723c751e8b465ee728b)
Start importing Assets/Free Pack/Win and lose Library vol. 1 - Vocals/WIN - Victory.wav using Guid(4737b4b478ad70a44951eecfd3639ad0) Importer(815301076,1909f56bfc062723c751e8b465ee728b)  -> (artifact id: '366a91899d686ce7d1706545b1a03302') in 0.012513 seconds 
  Import took 0.018359 seconds .

========================================================================
Received Import Request.
  Time since last request: 12.545591 seconds.
  path: Assets/Free Pack/Win and lose Library vol. 2 - Retro Synth/39.mp3
  artifactKey: Guid(a174fe76b26cc4442b63c1238bd731bc) Importer(815301076,1909f56bfc062723c751e8b465ee728b)
Start importing Assets/Free Pack/Win and lose Library vol. 2 - Retro Synth/39.mp3 using Guid(a174fe76b26cc4442b63c1238bd731bc) Importer(815301076,1909f56bfc062723c751e8b465ee728b)  -> (artifact id: '0ee822fc8fc4166f0e95da8c00eeaa4c') in 0.012158 seconds 
  Import took 0.015098 seconds .

========================================================================
Received Import Request.
  Time since last request: 0.000243 seconds.
  path: Assets/Free Pack/Win and lose Library vol. 2 - Retro Synth/44.mp3
  artifactKey: Guid(ced6d7542a51b2d4f8ab8f60b756e3d2) Importer(815301076,1909f56bfc062723c751e8b465ee728b)
Start importing Assets/Free Pack/Win and lose Library vol. 2 - Retro Synth/44.mp3 using Guid(ced6d7542a51b2d4f8ab8f60b756e3d2) Importer(815301076,1909f56bfc062723c751e8b465ee728b)  -> (artifact id: '4b20cca488943919364251d04177496b') in 0.012713 seconds 
  Import took 0.015522 seconds .

========================================================================
Received Import Request.
  Time since last request: 13.477063 seconds.
  path: Assets/Free Pack/Win and lose Library vol. 3 - Whistling/Lose-17.mp3
  artifactKey: Guid(a98044e86fcf75d4c8d099eb1e1c4007) Importer(815301076,1909f56bfc062723c751e8b465ee728b)
Start importing Assets/Free Pack/Win and lose Library vol. 3 - Whistling/Lose-17.mp3 using Guid(a98044e86fcf75d4c8d099eb1e1c4007) Importer(815301076,1909f56bfc062723c751e8b465ee728b)  -> (artifact id: '2619e4282dbfc86c9784064b6ef295bc') in 0.011809 seconds 
  Import took 0.014111 seconds .

========================================================================
Received Import Request.
  Time since last request: 0.000267 seconds.
  path: Assets/Free Pack/Win and lose Library vol. 3 - Whistling/Win-17.mp3
  artifactKey: Guid(d087651c346dfbd45892a27071f8bb3b) Importer(815301076,1909f56bfc062723c751e8b465ee728b)
Start importing Assets/Free Pack/Win and lose Library vol. 3 - Whistling/Win-17.mp3 using Guid(d087651c346dfbd45892a27071f8bb3b) Importer(815301076,1909f56bfc062723c751e8b465ee728b)  -> (artifact id: '053a56714215b473ecff0d336acf01bb') in 0.012953 seconds 
  Import took 0.015127 seconds .

========================================================================
Received Import Request.
  Time since last request: 6.047532 seconds.
  path: Assets/Free Pack/Electric organ loops/Hot pepper - short loop 1.wav
  artifactKey: Guid(c12509e73b86d07419009fee79e8c623) Importer(815301076,1909f56bfc062723c751e8b465ee728b)
Start importing Assets/Free Pack/Electric organ loops/Hot pepper - short loop 1.wav using Guid(c12509e73b86d07419009fee79e8c623) Importer(815301076,1909f56bfc062723c751e8b465ee728b)  -> (artifact id: 'a4b988ab90e70fdbdfee62869e31b158') in 0.011054 seconds 
  Import took 0.016023 seconds .

========================================================================
Received Import Request.
  Time since last request: 0.000283 seconds.
  path: Assets/Free Pack/Electric organ loops/The afterparty - short loop 1.wav
  artifactKey: Guid(87368bfce8ef7d14ab2a07892b314155) Importer(815301076,1909f56bfc062723c751e8b465ee728b)
Start importing Assets/Free Pack/Electric organ loops/The afterparty - short loop 1.wav using Guid(87368bfce8ef7d14ab2a07892b314155) Importer(815301076,1909f56bfc062723c751e8b465ee728b)  -> (artifact id: '1f566902fe590f8976b8b6a60108f265') in 0.012705 seconds 
  Import took 0.016762 seconds .

========================================================================
Received Import Request.
  Time since last request: 9.857323 seconds.
  path: Assets/Free Pack/Human Agony Screams/Female Scream 12.mp3
  artifactKey: Guid(6842cad6ccc578d47a6109ddbf0cd0d7) Importer(815301076,1909f56bfc062723c751e8b465ee728b)
Start importing Assets/Free Pack/Human Agony Screams/Female Scream 12.mp3 using Guid(6842cad6ccc578d47a6109ddbf0cd0d7) Importer(815301076,1909f56bfc062723c751e8b465ee728b)  -> (artifact id: 'fa0508f71e57b4fb5068d728bb18a468') in 0.013228 seconds 
  Import took 0.016160 seconds .

========================================================================
Received Import Request.
  Time since last request: 0.000230 seconds.
  path: Assets/Free Pack/Human Agony Screams/Male Scream 12.mp3
  artifactKey: Guid(ebd47cad103649c4895ebd2b51a05222) Importer(815301076,1909f56bfc062723c751e8b465ee728b)
Start importing Assets/Free Pack/Human Agony Screams/Male Scream 12.mp3 using Guid(ebd47cad103649c4895ebd2b51a05222) Importer(815301076,1909f56bfc062723c751e8b465ee728b)  -> (artifact id: 'e012f5c91f11ab034d480a48e3187d85') in 0.011948 seconds 
  Import took 0.014413 seconds .

========================================================================
Received Import Request.
  Time since last request: 97.592227 seconds.
  path: Assets/quiet city ambience SoundEffectsFactory.mp3
  artifactKey: Guid(a3ef8ccfdb905bd4297c3de32e136960) Importer(815301076,1909f56bfc062723c751e8b465ee728b)
Start importing Assets/quiet city ambience SoundEffectsFactory.mp3 using Guid(a3ef8ccfdb905bd4297c3de32e136960) Importer(815301076,1909f56bfc062723c751e8b465ee728b)  -> (artifact id: 'd21c1d2d2f8b2509db96e4d692904a50') in 0.013671 seconds 
  Import took 0.016934 seconds .

========================================================================
Received Prepare
Registering precompiled user dll's ...
Registered in 0.008518 seconds.
Begin MonoManager ReloadAssembly
Native extension for WindowsStandalone target not found
Refreshing native plugins compatible for Editor in 0.44 ms, found 2 plugins.
Preloading 0 native plugins for Editor in 0.00 ms.
Mono: successfully reloaded assembly
- Completed reload, in  1.348 seconds
Domain Reload Profiling:
	ReloadAssembly (1348ms)
		BeginReloadAssembly (113ms)
			ExecutionOrderSort (0ms)
			DisableScriptedObjects (4ms)
			BackupInstance (0ms)
			ReleaseScriptingObjects (0ms)
			CreateAndSetChildDomain (35ms)
		EndReloadAssembly (1142ms)
			LoadAssemblies (103ms)
			RebuildTransferFunctionScriptingTraits (0ms)
			SetupTypeCache (312ms)
			ReleaseScriptCaches (1ms)
			RebuildScriptCaches (141ms)
			SetupLoadedEditorAssemblies (343ms)
				LogAssemblyErrors (0ms)
				InitializePlatformSupportModulesInManaged (6ms)
				SetLoadedEditorAssemblies (1ms)
				RefreshPlugins (1ms)
				BeforeProcessingInitializeOnLoad (94ms)
				ProcessInitializeOnLoadAttributes (228ms)
				ProcessInitializeOnLoadMethodAttributes (4ms)
				AfterProcessingInitializeOnLoad (8ms)
				EditorAssembliesLoaded (0ms)
			ExecutionOrderSort2 (0ms)
			AwakeInstancesAfterBackupRestoration (8ms)
Platform modules already initialized, skipping
Refreshing native plugins compatible for Editor in 0.33 ms, found 2 plugins.
Preloading 0 native plugins for Editor in 0.00 ms.
Unloading 1387 Unused Serialized files (Serialized files now loaded: 0)
System memory in use before: 68.4 MB.
System memory in use after: 68.5 MB.

Unloading 14 unused Assets to reduce memory usage. Loaded Objects now: 1884.
Total: 2.174400 ms (FindLiveObjects: 0.151100 ms CreateObjectMapping: 0.047200 ms MarkObjects: 1.926200 ms  DeleteObjects: 0.048700 ms)

AssetImportParameters requested are different than current active one (requested -> active):
  custom:framework-win-MediaFoundation: 216162199b28c13a410421893ffa2e32 -> 
  custom:video-decoder-ogg-theora: a1e56fd34408186e4bbccfd4996cb3dc -> 
  custom:container-muxer-webm: aa71ff27fc2769a1b78a27578f13a17b -> 
  custom:container-demuxer-webm: 4f35f7cbe854078d1ac9338744f61a02 -> 
  custom:container-demuxer-ogg: 62fdf1f143b41e24485cea50d1cbac27 -> 
  custom:video-encoder-webm-vp8: eb34c28f22e8b96e1ab97ce403110664 -> 
  custom:video-decoder-webm-vp8: 9c59270c3fd7afecdb556c50c9e8de78 -> 
  custom:audio-decoder-ogg-vorbis: bf7c407c2cedff20999df2af8eb42d56 -> 
  custom:audio-encoder-webm-vorbis: bf7c407c2cedff20999df2af8eb42d56 -> 
========================================================================
Received Prepare
Registering precompiled user dll's ...
Registered in 0.003954 seconds.
Begin MonoManager ReloadAssembly
Native extension for WindowsStandalone target not found
Refreshing native plugins compatible for Editor in 0.38 ms, found 2 plugins.
Preloading 0 native plugins for Editor in 0.00 ms.
Mono: successfully reloaded assembly
- Completed reload, in  1.116 seconds
Domain Reload Profiling:
	ReloadAssembly (1117ms)
		BeginReloadAssembly (103ms)
			ExecutionOrderSort (0ms)
			DisableScriptedObjects (5ms)
			BackupInstance (0ms)
			ReleaseScriptingObjects (0ms)
			CreateAndSetChildDomain (32ms)
		EndReloadAssembly (952ms)
			LoadAssemblies (85ms)
			RebuildTransferFunctionScriptingTraits (0ms)
			SetupTypeCache (285ms)
			ReleaseScriptCaches (1ms)
			RebuildScriptCaches (39ms)
			SetupLoadedEditorAssemblies (439ms)
				LogAssemblyErrors (0ms)
				InitializePlatformSupportModulesInManaged (5ms)
				SetLoadedEditorAssemblies (0ms)
				RefreshPlugins (0ms)
				BeforeProcessingInitializeOnLoad (218ms)
				ProcessInitializeOnLoadAttributes (205ms)
				ProcessInitializeOnLoadMethodAttributes (4ms)
				AfterProcessingInitializeOnLoad (6ms)
				EditorAssembliesLoaded (0ms)
			ExecutionOrderSort2 (0ms)
			AwakeInstancesAfterBackupRestoration (7ms)
Platform modules already initialized, skipping
Refreshing native plugins compatible for Editor in 0.46 ms, found 2 plugins.
Preloading 0 native plugins for Editor in 0.00 ms.
Unloading 1387 Unused Serialized files (Serialized files now loaded: 0)
System memory in use before: 68.4 MB.
System memory in use after: 68.5 MB.

Unloading 14 unused Assets to reduce memory usage. Loaded Objects now: 1887.
Total: 2.492800 ms (FindLiveObjects: 0.199500 ms CreateObjectMapping: 0.050600 ms MarkObjects: 2.168500 ms  DeleteObjects: 0.072800 ms)

AssetImportParameters requested are different than current active one (requested -> active):
  custom:framework-win-MediaFoundation: 216162199b28c13a410421893ffa2e32 -> 
  custom:video-decoder-ogg-theora: a1e56fd34408186e4bbccfd4996cb3dc -> 
  custom:container-muxer-webm: aa71ff27fc2769a1b78a27578f13a17b -> 
  custom:container-demuxer-webm: 4f35f7cbe854078d1ac9338744f61a02 -> 
  custom:container-demuxer-ogg: 62fdf1f143b41e24485cea50d1cbac27 -> 
  custom:video-encoder-webm-vp8: eb34c28f22e8b96e1ab97ce403110664 -> 
  custom:video-decoder-webm-vp8: 9c59270c3fd7afecdb556c50c9e8de78 -> 
  custom:audio-decoder-ogg-vorbis: bf7c407c2cedff20999df2af8eb42d56 -> 
  custom:audio-encoder-webm-vorbis: bf7c407c2cedff20999df2af8eb42d56 -> 
========================================================================
Received Import Request.
  Time since last request: 596.244202 seconds.
  path: Assets/Ground.mat
  artifactKey: Guid(b3de58e83bcc0cf4cb0f96318414b6ac) Importer(815301076,1909f56bfc062723c751e8b465ee728b)
Start importing Assets/Ground.mat using Guid(b3de58e83bcc0cf4cb0f96318414b6ac) Importer(815301076,1909f56bfc062723c751e8b465ee728b)  -> (artifact id: '61e1eea4a95159425e1eb492c83a933f') in 0.061276 seconds 
  Import took 0.064745 seconds .

========================================================================
Received Import Request.
  Time since last request: 0.000248 seconds.
  path: Assets/Trigger.mat
  artifactKey: Guid(b3b7f6a58110d55498af5f18bed7136a) Importer(815301076,1909f56bfc062723c751e8b465ee728b)
Start importing Assets/Trigger.mat using Guid(b3b7f6a58110d55498af5f18bed7136a) Importer(815301076,1909f56bfc062723c751e8b465ee728b)  -> (artifact id: '9e739f320cdffe6913e85cafa6544146') in 0.014640 seconds 
  Import took 0.019097 seconds .

========================================================================
Received Prepare
Registering precompiled user dll's ...
Registered in 0.003744 seconds.
Begin MonoManager ReloadAssembly
Native extension for WindowsStandalone target not found
Refreshing native plugins compatible for Editor in 0.29 ms, found 2 plugins.
Preloading 0 native plugins for Editor in 0.00 ms.
Mono: successfully reloaded assembly
- Completed reload, in  1.038 seconds
Domain Reload Profiling:
	ReloadAssembly (1038ms)
		BeginReloadAssembly (101ms)
			ExecutionOrderSort (0ms)
			DisableScriptedObjects (4ms)
			BackupInstance (0ms)
			ReleaseScriptingObjects (0ms)
			CreateAndSetChildDomain (31ms)
		EndReloadAssembly (876ms)
			LoadAssemblies (83ms)
			RebuildTransferFunctionScriptingTraits (0ms)
			SetupTypeCache (368ms)
			ReleaseScriptCaches (1ms)
			RebuildScriptCaches (35ms)
			SetupLoadedEditorAssemblies (292ms)
				LogAssemblyErrors (0ms)
				InitializePlatformSupportModulesInManaged (5ms)
				SetLoadedEditorAssemblies (0ms)
				RefreshPlugins (0ms)
				BeforeProcessingInitializeOnLoad (86ms)
				ProcessInitializeOnLoadAttributes (191ms)
				ProcessInitializeOnLoadMethodAttributes (4ms)
				AfterProcessingInitializeOnLoad (6ms)
				EditorAssembliesLoaded (0ms)
			ExecutionOrderSort2 (0ms)
			AwakeInstancesAfterBackupRestoration (7ms)
Platform modules already initialized, skipping
Refreshing native plugins compatible for Editor in 0.28 ms, found 2 plugins.
Preloading 0 native plugins for Editor in 0.00 ms.
Unloading 1400 Unused Serialized files (Serialized files now loaded: 0)
System memory in use before: 70.5 MB.
System memory in use after: 69.9 MB.

Unloading 27 unused Assets to reduce memory usage. Loaded Objects now: 1891.
Total: 2.078500 ms (FindLiveObjects: 0.134900 ms CreateObjectMapping: 0.040600 ms MarkObjects: 1.625700 ms  DeleteObjects: 0.276400 ms)

AssetImportParameters requested are different than current active one (requested -> active):
  custom:framework-win-MediaFoundation: 216162199b28c13a410421893ffa2e32 -> 
  custom:video-decoder-ogg-theora: a1e56fd34408186e4bbccfd4996cb3dc -> 
  custom:container-muxer-webm: aa71ff27fc2769a1b78a27578f13a17b -> 
  custom:container-demuxer-webm: 4f35f7cbe854078d1ac9338744f61a02 -> 
  custom:container-demuxer-ogg: 62fdf1f143b41e24485cea50d1cbac27 -> 
  custom:video-encoder-webm-vp8: eb34c28f22e8b96e1ab97ce403110664 -> 
  custom:video-decoder-webm-vp8: 9c59270c3fd7afecdb556c50c9e8de78 -> 
  custom:audio-decoder-ogg-vorbis: bf7c407c2cedff20999df2af8eb42d56 -> 
  custom:audio-encoder-webm-vorbis: bf7c407c2cedff20999df2af8eb42d56 -> 
========================================================================
Received Prepare
Registering precompiled user dll's ...
Registered in 0.004116 seconds.
Begin MonoManager ReloadAssembly
Native extension for WindowsStandalone target not found
Refreshing native plugins compatible for Editor in 0.30 ms, found 2 plugins.
Preloading 0 native plugins for Editor in 0.00 ms.
Mono: successfully reloaded assembly
- Completed reload, in  1.176 seconds
Domain Reload Profiling:
	ReloadAssembly (1177ms)
		BeginReloadAssembly (96ms)
			ExecutionOrderSort (0ms)
			DisableScriptedObjects (5ms)
			BackupInstance (0ms)
			ReleaseScriptingObjects (0ms)
			CreateAndSetChildDomain (27ms)
		EndReloadAssembly (1014ms)
			LoadAssemblies (87ms)
			RebuildTransferFunctionScriptingTraits (0ms)
			SetupTypeCache (290ms)
			ReleaseScriptCaches (1ms)
			RebuildScriptCaches (42ms)
			SetupLoadedEditorAssemblies (496ms)
				LogAssemblyErrors (0ms)
				InitializePlatformSupportModulesInManaged (5ms)
				SetLoadedEditorAssemblies (0ms)
				RefreshPlugins (0ms)
				BeforeProcessingInitializeOnLoad (287ms)
				ProcessInitializeOnLoadAttributes (193ms)
				ProcessInitializeOnLoadMethodAttributes (4ms)
				AfterProcessingInitializeOnLoad (7ms)
				EditorAssembliesLoaded (0ms)
			ExecutionOrderSort2 (0ms)
			AwakeInstancesAfterBackupRestoration (6ms)
Platform modules already initialized, skipping
Refreshing native plugins compatible for Editor in 0.34 ms, found 2 plugins.
Preloading 0 native plugins for Editor in 0.00 ms.
Unloading 1400 Unused Serialized files (Serialized files now loaded: 0)
System memory in use before: 70.5 MB.
System memory in use after: 69.9 MB.

Unloading 27 unused Assets to reduce memory usage. Loaded Objects now: 1894.
Total: 2.941500 ms (FindLiveObjects: 0.170200 ms CreateObjectMapping: 0.055500 ms MarkObjects: 2.373700 ms  DeleteObjects: 0.340800 ms)

AssetImportParameters requested are different than current active one (requested -> active):
  custom:framework-win-MediaFoundation: 216162199b28c13a410421893ffa2e32 -> 
  custom:video-decoder-ogg-theora: a1e56fd34408186e4bbccfd4996cb3dc -> 
  custom:container-muxer-webm: aa71ff27fc2769a1b78a27578f13a17b -> 
  custom:container-demuxer-webm: 4f35f7cbe854078d1ac9338744f61a02 -> 
  custom:container-demuxer-ogg: 62fdf1f143b41e24485cea50d1cbac27 -> 
  custom:video-encoder-webm-vp8: eb34c28f22e8b96e1ab97ce403110664 -> 
  custom:video-decoder-webm-vp8: 9c59270c3fd7afecdb556c50c9e8de78 -> 
  custom:audio-decoder-ogg-vorbis: bf7c407c2cedff20999df2af8eb42d56 -> 
  custom:audio-encoder-webm-vorbis: bf7c407c2cedff20999df2af8eb42d56 -> 
========================================================================
Received Prepare
Registering precompiled user dll's ...
Registered in 0.004622 seconds.
Begin MonoManager ReloadAssembly
Native extension for WindowsStandalone target not found
Refreshing native plugins compatible for Editor in 0.31 ms, found 2 plugins.
Preloading 0 native plugins for Editor in 0.00 ms.
Mono: successfully reloaded assembly
- Completed reload, in  1.018 seconds
Domain Reload Profiling:
	ReloadAssembly (1018ms)
		BeginReloadAssembly (123ms)
			ExecutionOrderSort (0ms)
			DisableScriptedObjects (6ms)
			BackupInstance (0ms)
			ReleaseScriptingObjects (0ms)
			CreateAndSetChildDomain (42ms)
		EndReloadAssembly (830ms)
			LoadAssemblies (90ms)
			RebuildTransferFunctionScriptingTraits (0ms)
			SetupTypeCache (266ms)
			ReleaseScriptCaches (1ms)
			RebuildScriptCaches (36ms)
			SetupLoadedEditorAssemblies (346ms)
				LogAssemblyErrors (0ms)
				InitializePlatformSupportModulesInManaged (5ms)
				SetLoadedEditorAssemblies (0ms)
				RefreshPlugins (0ms)
				BeforeProcessingInitializeOnLoad (84ms)
				ProcessInitializeOnLoadAttributes (246ms)
				ProcessInitializeOnLoadMethodAttributes (4ms)
				AfterProcessingInitializeOnLoad (6ms)
				EditorAssembliesLoaded (0ms)
			ExecutionOrderSort2 (0ms)
			AwakeInstancesAfterBackupRestoration (6ms)
Platform modules already initialized, skipping
Refreshing native plugins compatible for Editor in 0.32 ms, found 2 plugins.
Preloading 0 native plugins for Editor in 0.00 ms.
Unloading 1400 Unused Serialized files (Serialized files now loaded: 0)
System memory in use before: 70.5 MB.
System memory in use after: 69.9 MB.

Unloading 27 unused Assets to reduce memory usage. Loaded Objects now: 1897.
Total: 2.179000 ms (FindLiveObjects: 0.143300 ms CreateObjectMapping: 0.041300 ms MarkObjects: 1.651800 ms  DeleteObjects: 0.341500 ms)

AssetImportParameters requested are different than current active one (requested -> active):
  custom:framework-win-MediaFoundation: 216162199b28c13a410421893ffa2e32 -> 
  custom:video-decoder-ogg-theora: a1e56fd34408186e4bbccfd4996cb3dc -> 
  custom:container-muxer-webm: aa71ff27fc2769a1b78a27578f13a17b -> 
  custom:container-demuxer-webm: 4f35f7cbe854078d1ac9338744f61a02 -> 
  custom:container-demuxer-ogg: 62fdf1f143b41e24485cea50d1cbac27 -> 
  custom:video-encoder-webm-vp8: eb34c28f22e8b96e1ab97ce403110664 -> 
  custom:video-decoder-webm-vp8: 9c59270c3fd7afecdb556c50c9e8de78 -> 
  custom:audio-decoder-ogg-vorbis: bf7c407c2cedff20999df2af8eb42d56 -> 
  custom:audio-encoder-webm-vorbis: bf7c407c2cedff20999df2af8eb42d56 -> 
========================================================================
Received Prepare
Refreshing native plugins compatible for Editor in 3.26 ms, found 2 plugins.
Preloading 0 native plugins for Editor in 0.00 ms.
Unloading 25 Unused Serialized files (Serialized files now loaded: 0)
System memory in use before: 43.3 MB.
System memory in use after: 42.7 MB.

Unloading 25 unused Assets to reduce memory usage. Loaded Objects now: 1897.
Total: 2.395900 ms (FindLiveObjects: 0.192000 ms CreateObjectMapping: 0.057600 ms MarkObjects: 1.780800 ms  DeleteObjects: 0.364600 ms)

AssetImportParameters requested are different than current active one (requested -> active):
  custom:framework-win-MediaFoundation: 216162199b28c13a410421893ffa2e32 -> 
  custom:video-decoder-ogg-theora: a1e56fd34408186e4bbccfd4996cb3dc -> 
  custom:container-muxer-webm: aa71ff27fc2769a1b78a27578f13a17b -> 
  custom:container-demuxer-webm: 4f35f7cbe854078d1ac9338744f61a02 -> 
  custom:container-demuxer-ogg: 62fdf1f143b41e24485cea50d1cbac27 -> 
  custom:video-encoder-webm-vp8: eb34c28f22e8b96e1ab97ce403110664 -> 
  custom:video-decoder-webm-vp8: 9c59270c3fd7afecdb556c50c9e8de78 -> 
  custom:audio-decoder-ogg-vorbis: bf7c407c2cedff20999df2af8eb42d56 -> 
  custom:audio-encoder-webm-vorbis: bf7c407c2cedff20999df2af8eb42d56 -> 
========================================================================
Received Prepare
Registering precompiled user dll's ...
Registered in 0.006078 seconds.
Begin MonoManager ReloadAssembly
Native extension for WindowsStandalone target not found
Refreshing native plugins compatible for Editor in 0.33 ms, found 2 plugins.
Preloading 0 native plugins for Editor in 0.00 ms.
Mono: successfully reloaded assembly
- Completed reload, in  1.441 seconds
Domain Reload Profiling:
	ReloadAssembly (1442ms)
		BeginReloadAssembly (122ms)
			ExecutionOrderSort (0ms)
			DisableScriptedObjects (7ms)
			BackupInstance (0ms)
			ReleaseScriptingObjects (0ms)
			CreateAndSetChildDomain (44ms)
		EndReloadAssembly (1244ms)
			LoadAssemblies (90ms)
			RebuildTransferFunctionScriptingTraits (0ms)
			SetupTypeCache (412ms)
			ReleaseScriptCaches (1ms)
			RebuildScriptCaches (65ms)
			SetupLoadedEditorAssemblies (541ms)
				LogAssemblyErrors (0ms)
				InitializePlatformSupportModulesInManaged (5ms)
				SetLoadedEditorAssemblies (0ms)
				RefreshPlugins (0ms)
				BeforeProcessingInitializeOnLoad (330ms)
				ProcessInitializeOnLoadAttributes (195ms)
				ProcessInitializeOnLoadMethodAttributes (4ms)
				AfterProcessingInitializeOnLoad (6ms)
				EditorAssembliesLoaded (0ms)
			ExecutionOrderSort2 (0ms)
			AwakeInstancesAfterBackupRestoration (7ms)
Platform modules already initialized, skipping
Refreshing native plugins compatible for Editor in 0.41 ms, found 2 plugins.
Preloading 0 native plugins for Editor in 0.00 ms.
Unloading 1400 Unused Serialized files (Serialized files now loaded: 0)
System memory in use before: 70.6 MB.
System memory in use after: 70.0 MB.

Unloading 27 unused Assets to reduce memory usage. Loaded Objects now: 1900.
Total: 2.942700 ms (FindLiveObjects: 0.208300 ms CreateObjectMapping: 0.066300 ms MarkObjects: 2.246600 ms  DeleteObjects: 0.420200 ms)

AssetImportParameters requested are different than current active one (requested -> active):
  custom:framework-win-MediaFoundation: 216162199b28c13a410421893ffa2e32 -> 
  custom:video-decoder-ogg-theora: a1e56fd34408186e4bbccfd4996cb3dc -> 
  custom:container-muxer-webm: aa71ff27fc2769a1b78a27578f13a17b -> 
  custom:container-demuxer-webm: 4f35f7cbe854078d1ac9338744f61a02 -> 
  custom:container-demuxer-ogg: 62fdf1f143b41e24485cea50d1cbac27 -> 
  custom:video-encoder-webm-vp8: eb34c28f22e8b96e1ab97ce403110664 -> 
  custom:video-decoder-webm-vp8: 9c59270c3fd7afecdb556c50c9e8de78 -> 
  custom:audio-decoder-ogg-vorbis: bf7c407c2cedff20999df2af8eb42d56 -> 
  custom:audio-encoder-webm-vorbis: bf7c407c2cedff20999df2af8eb42d56 -> 
========================================================================
Received Prepare
Refreshing native plugins compatible for Editor in 4.60 ms, found 2 plugins.
Preloading 0 native plugins for Editor in 0.00 ms.
Unloading 25 Unused Serialized files (Serialized files now loaded: 0)
System memory in use before: 43.4 MB.
System memory in use after: 42.8 MB.

Unloading 25 unused Assets to reduce memory usage. Loaded Objects now: 1900.
Total: 2.314900 ms (FindLiveObjects: 0.158900 ms CreateObjectMapping: 0.050600 ms MarkObjects: 1.720700 ms  DeleteObjects: 0.383600 ms)

AssetImportParameters requested are different than current active one (requested -> active):
  custom:framework-win-MediaFoundation: 216162199b28c13a410421893ffa2e32 -> 
  custom:video-decoder-ogg-theora: a1e56fd34408186e4bbccfd4996cb3dc -> 
  custom:container-muxer-webm: aa71ff27fc2769a1b78a27578f13a17b -> 
  custom:container-demuxer-webm: 4f35f7cbe854078d1ac9338744f61a02 -> 
  custom:container-demuxer-ogg: 62fdf1f143b41e24485cea50d1cbac27 -> 
  custom:video-encoder-webm-vp8: eb34c28f22e8b96e1ab97ce403110664 -> 
  custom:video-decoder-webm-vp8: 9c59270c3fd7afecdb556c50c9e8de78 -> 
  custom:audio-decoder-ogg-vorbis: bf7c407c2cedff20999df2af8eb42d56 -> 
  custom:audio-encoder-webm-vorbis: bf7c407c2cedff20999df2af8eb42d56 -> 
AssetImportWorkerClient::OnTransportError - code=2 error=End of file
